Determining if the pthread_create exist failed with the following output:
Change Dir: /home/ramzisah/Desktop/Cpp/openGL/Game-Engine-2/build/CMakeFiles/CMakeTmp

Run Build Command:"/usr/bin/make" "cmTC_47e9b/fast"
/usr/bin/make -f CMakeFiles/cmTC_47e9b.dir/build.make CMakeFiles/cmTC_47e9b.dir/build
make[1]: Entering directory '/home/ramzisah/Desktop/Cpp/openGL/Game-Engine-2/build/CMakeFiles/CMakeTmp'
Building C object CMakeFiles/cmTC_47e9b.dir/CheckSymbolExists.c.o
/usr/bin/cc    -o CMakeFiles/cmTC_47e9b.dir/CheckSymbolExists.c.o   -c /home/ramzisah/Desktop/Cpp/openGL/Game-Engine-2/build/CMakeFiles/CMakeTmp/CheckSymbolExists.c
Linking C executable cmTC_47e9b
/usr/bin/cmake -E cmake_link_script CMakeFiles/cmTC_47e9b.dir/link.txt --verbose=1
/usr/bin/cc      -rdynamic CMakeFiles/cmTC_47e9b.dir/CheckSymbolExists.c.o  -o cmTC_47e9b 
CMakeFiles/cmTC_47e9b.dir/CheckSymbolExists.c.o: In function `main':
CheckSymbolExists.c:(.text+0x1b): undefined reference to `pthread_create'
collect2: error: ld returned 1 exit status
CMakeFiles/cmTC_47e9b.dir/build.make:97: recipe for target 'cmTC_47e9b' failed
make[1]: *** [cmTC_47e9b] Error 1
make[1]: Leaving directory '/home/ramzisah/Desktop/Cpp/openGL/Game-Engine-2/build/CMakeFiles/CMakeTmp'
Makefile:126: recipe for target 'cmTC_47e9b/fast' failed
make: *** [cmTC_47e9b/fast] Error 2

File /home/ramzisah/Desktop/Cpp/openGL/Game-Engine-2/build/CMakeFiles/CMakeTmp/CheckSymbolExists.c:
/* */
#include <pthread.h>

int main(int argc, char** argv)
{
  (void)argv;
#ifndef pthread_create
  return ((int*)(&pthread_create))[argc];
#else
  (void)argc;
  return 0;
#endif
}

Determining if the function pthread_create exists in the pthreads failed with the following output:
Change Dir: /home/ramzisah/Desktop/Cpp/openGL/Game-Engine-2/build/CMakeFiles/CMakeTmp

Run Build Command:"/usr/bin/make" "cmTC_d47c0/fast"
/usr/bin/make -f CMakeFiles/cmTC_d47c0.dir/build.make CMakeFiles/cmTC_d47c0.dir/build
make[1]: Entering directory '/home/ramzisah/Desktop/Cpp/openGL/Game-Engine-2/build/CMakeFiles/CMakeTmp'
Building C object CMakeFiles/cmTC_d47c0.dir/CheckFunctionExists.c.o
/usr/bin/cc   -DCHECK_FUNCTION_EXISTS=pthread_create   -o CMakeFiles/cmTC_d47c0.dir/CheckFunctionExists.c.o   -c /usr/share/cmake-3.10/Modules/CheckFunctionExists.c
Linking C executable cmTC_d47c0
/usr/bin/cmake -E cmake_link_script CMakeFiles/cmTC_d47c0.dir/link.txt --verbose=1
/usr/bin/cc  -DCHECK_FUNCTION_EXISTS=pthread_create    -rdynamic CMakeFiles/cmTC_d47c0.dir/CheckFunctionExists.c.o  -o cmTC_d47c0 -lpthreads 
/usr/bin/ld: cannot find -lpthreads
collect2: error: ld returned 1 exit status
CMakeFiles/cmTC_d47c0.dir/build.make:97: recipe for target 'cmTC_d47c0' failed
make[1]: *** [cmTC_d47c0] Error 1
make[1]: Leaving directory '/home/ramzisah/Desktop/Cpp/openGL/Game-Engine-2/build/CMakeFiles/CMakeTmp'
Makefile:126: recipe for target 'cmTC_d47c0/fast' failed
make: *** [cmTC_d47c0/fast] Error 2


